<?xml version="1.0" encoding="UTF-8"?>
<!-- Generated by org.testng.reporters.JUnitReportReporter -->
<testsuite hostname="TECH-ANasser" failures="0" tests="1" name="tests.AddItemToCart" time="1.708" errors="0" timestamp="2023-04-27T18:18:16 EET" skipped="0">
  <testcase classname="tests.AddItemToCart" name="addProductsToCart" time="1.708"/>
  <system-out/>
</testsuite> <!-- tests.AddItemToCart -->
