<?xml version="1.0" encoding="UTF-8"?>
<!-- Generated by org.testng.reporters.JUnitReportReporter -->
<testsuite hostname="TECH-ANasser" failures="0" tests="1" name="tests.TestBase" time="5.437" errors="0" timestamp="2023-04-17T00:34:17 EET" skipped="0">
  <testcase classname="tests.TestBase" name="StartDriver" time="5.437"/>
  <system-out/>
</testsuite> <!-- tests.TestBase -->
